<?xml version="1.0" encoding="utf-8"?><testsuite errors="0" failures="0" name="pytest" skipped="1" tests="20" time="69.682"><testcase classname="armageddon.test.test_armageddon" file="armageddon/test/test_armageddon.py" line="52" name="test_import" time="0.001"></testcase><testcase classname="armageddon.test.test_armageddon" file="armageddon/test/test_armageddon.py" line="56" name="test_planet_signature" time="0.001"></testcase><testcase classname="armageddon.test.test_armageddon" file="armageddon/test/test_armageddon.py" line="70" name="test_attributes" time="0.001"></testcase><testcase classname="armageddon.test.test_armageddon" file="armageddon/test/test_armageddon.py" line="76" name="test_solve_atmospheric_entry" time="4.343"></testcase><testcase classname="armageddon.test.test_armageddon" file="armageddon/test/test_armageddon.py" line="94" name="test_calculate_energy" time="0.056"></testcase><testcase classname="armageddon.test.test_armageddon" file="armageddon/test/test_armageddon.py" line="107" name="test_analyse_outcome" time="0.062"></testcase><testcase classname="armageddon.test.test_armageddon" file="armageddon/test/test_armageddon.py" line="116" name="test_1_CRATERING" time="0.012"></testcase><testcase classname="armageddon.test.test_armageddon" file="armageddon/test/test_armageddon.py" line="134" name="test_2_AIRBURST" time="0.013"><system-out>{&apos;burst_peak_dedz&apos;: 200.34, &apos;burst_altitude&apos;: 30000.0, &apos;burst_total_ke_lost&apos;: 1.0779158699808796e-11, &apos;outcome&apos;: &apos;Airburst&apos;}
</system-out></testcase><testcase classname="armageddon.test.test_armageddon" file="armageddon/test/test_armageddon.py" line="147" name="test_3_AIRBURST_and_CRATERING" time="0.015"></testcase><testcase classname="armageddon.test.test_armageddon" file="armageddon/test/test_armageddon.py" line="163" name="test_4_no_zero_altitude_value" time="0.015"></testcase><testcase classname="armageddon.test.test_energy" file="armageddon/test/test_energy.py" line="43" name="test_central_diff" time="0.054"></testcase><testcase classname="armageddon.test.test_energy" file="armageddon/test/test_energy.py" line="55" name="test_sign" time="0.082"></testcase><testcase classname="armageddon.test.test_energy" file="armageddon/test/test_energy.py" line="73" name="test_repeat_altitude" time="0.042"></testcase><testcase classname="armageddon.test.test_energy" file="armageddon/test/test_energy.py" line="85" name="test_choice_deriv" time="0.131"></testcase><testcase classname="armageddon.test.test_energy" file="armageddon/test/test_energy.py" line="111" name="test_wrong_choice" time="0.004"><skipped message="" type="pytest.xfail"></skipped></testcase><testcase classname="armageddon.test.test_init_in_solver" file="armageddon/test/test_init_in_solver.py" line="28" name="test_exponential" time="0.001"></testcase><testcase classname="armageddon.test.test_init_in_solver" file="armageddon/test/test_init_in_solver.py" line="34" name="test_tabular" time="3.359"></testcase><testcase classname="armageddon.test.test_init_in_solver" file="armageddon/test/test_init_in_solver.py" line="40" name="test_mars" time="0.001"></testcase><testcase classname="armageddon.test.test_solver" file="armageddon/test/test_solver.py" line="50" name="test_solve_atmospheric_entry_with_scipy_odeint" time="59.497"></testcase><testcase classname="armageddon.test.test_solver" file="armageddon/test/test_solver.py" line="87" name="test_solve_atmospheric_entry_with_analytic" time="0.126"><system-out>[1.04708385e-04 1.06670083e-04 1.08668532e-04 1.10704422e-04
 1.12778454e-04 1.14891343e-04 1.17043816e-04 1.19236615e-04
 1.21470497e-04 1.23746229e-04 1.26064597e-04 1.28426399e-04
 1.30832448e-04 1.33283575e-04 1.35780623e-04 1.38324453e-04
 1.40915940e-04 1.43555979e-04 1.46245478e-04 1.48985365e-04
 1.51776583e-04 1.54620093e-04 1.57516876e-04 1.60467930e-04
 1.63474270e-04 1.66536934e-04 1.69656977e-04 1.72835472e-04
 1.76073516e-04 1.79372224e-04 1.82732732e-04 1.86156199e-04
 1.89643803e-04 1.93196747e-04 1.96816254e-04 2.00503572e-04
 2.04259971e-04 2.08086745e-04 2.11985212e-04 2.15956716e-04
 2.20002626e-04 2.24124334e-04 2.28323261e-04 2.32600854e-04
 2.36958587e-04 2.41397960e-04 2.45920504e-04 2.50527776e-04
 2.55221364e-04 2.60002885e-04 2.64873987e-04 2.69836347e-04
 2.74891675e-04 2.80041713e-04 2.85288236e-04 2.90633050e-04
 2.96077998e-04 3.01624955e-04 3.07275833e-04 3.13032577e-04
 3.18897173e-04 3.24871639e-04 3.30958035e-04 3.37158458e-04
 3.43475043e-04 3.49909967e-04 3.56465447e-04 3.63143741e-04
 3.69947151e-04 3.76878020e-04 3.83938736e-04 3.91131732e-04
 3.98459486e-04 4.05924522e-04 4.13529412e-04 4.21276777e-04
 4.29169286e-04 4.37209657e-04 4.45400661e-04 4.53745120e-04
 4.62245909e-04 4.70905956e-04 4.79728245e-04 4.88715816e-04
 4.97871765e-04 5.07199246e-04 5.16701472e-04 5.26381719e-04
 5.36243319e-04 5.46289672e-04 5.56524239e-04 5.66950544e-04
 5.77572181e-04 5.88392808e-04 5.99416154e-04 6.10646017e-04
 6.22086264e-04 6.33740838e-04 6.45613754e-04 6.57709102e-04
 6.70031050e-04 6.82583841e-04 6.95371801e-04 7.08399336e-04
 7.21670934e-04 7.35191166e-04 7.48964692e-04 7.62996255e-04
 7.77290690e-04 7.91852922e-04 8.06687967e-04 8.21800937e-04
 8.37197037e-04 8.52881572e-04 8.68859945e-04 8.85137662e-04
 9.01720329e-04 9.18613660e-04 9.35823474e-04 9.53355700e-04
 9.71216379e-04 9.89411663e-04 1.00794782e-03 1.02683124e-03
 1.04606842e-03 1.06566599e-03 1.08563071e-03 1.10596945e-03
 1.12668921e-03 1.14779715e-03 1.16930051e-03 1.19120673e-03
 1.21352333e-03 1.23625802e-03 1.25941862e-03 1.28301311e-03
 1.30704961e-03 1.33153642e-03 1.35648195e-03 1.38189482e-03
 1.40778377e-03 1.43415772e-03 1.46102575e-03 1.48839713e-03
 1.51628128e-03 1.54468780e-03 1.57362649e-03 1.60310730e-03
 1.63314041e-03 1.66373614e-03 1.69490504e-03 1.72665786e-03
 1.75900552e-03 1.79195917e-03 1.82553016e-03 1.85973005e-03
 1.89457064e-03 1.93006391e-03 1.96622209e-03 2.00305764e-03
 2.04058325e-03 2.07881185e-03 2.11775659e-03 2.15743091e-03
 2.19784845e-03 2.23902315e-03 2.28096919e-03 2.32370102e-03
 2.36723335e-03 2.41158119e-03 2.45675980e-03 2.50278474e-03
 2.54967188e-03 2.59743736e-03 2.64609764e-03 2.69566946e-03
 2.74616992e-03 2.79761640e-03 2.85002662e-03 2.90341863e-03
 2.95781083e-03 3.01322195e-03 3.06967107e-03 3.12717764e-03
 3.18576147e-03 3.24544272e-03 3.30624195e-03 3.36818012e-03
 3.43127854e-03 3.49555895e-03 3.56104349e-03 3.62775471e-03
 3.69571559e-03 3.76494954e-03 3.83548039e-03 3.90733244e-03
 3.98053043e-03 4.05509958e-03 4.13106556e-03 4.20845453e-03
 4.28729315e-03 4.36760857e-03 4.44942844e-03 4.53278094e-03
 4.61769478e-03 4.70419920e-03 4.79232398e-03 4.88209948e-03
 4.97355660e-03 5.06672685e-03 5.16164230e-03 5.25833564e-03
 5.35684017e-03 5.45718979e-03 5.55941908e-03 5.66356322e-03
 5.76965809e-03 5.87774020e-03 5.98784677e-03 6.10001573e-03
 6.21428567e-03 6.33069596e-03 6.44928667e-03 6.57009864e-03
 6.69317344e-03 6.81855347e-03 6.94628189e-03 7.07640267e-03
 7.20896060e-03 7.34400133e-03 7.48157135e-03 7.62171800e-03
 7.76448955e-03 7.90993514e-03 8.05810484e-03 8.20904965e-03
 8.36282154e-03 8.51947343e-03 8.67905926e-03 8.84163394e-03
 9.00725345e-03 9.17597479e-03 9.34785603e-03 9.52295633e-03
 9.70133596e-03 9.88305632e-03 1.00681799e-02 1.02567705e-02
 1.04488930e-02 1.06446135e-02 1.08439994e-02 1.10471192e-02
 1.12540429e-02 1.14648417e-02 1.16795881e-02 1.18983560e-02
 1.21212207e-02 1.23482589e-02 1.25795487e-02 1.28151696e-02
 1.30552028e-02 1.32997309e-02 1.35488379e-02 1.38026095e-02
 1.40611331e-02 1.43244977e-02 1.45927937e-02 1.48661135e-02
 1.51445511e-02 1.54282023e-02 1.57171647e-02 1.60115375e-02
 1.63114222e-02 1.66169219e-02 1.69281415e-02 1.72451881e-02
 1.75681708e-02 1.78972006e-02 1.82323908e-02 1.85738564e-02
 1.89217150e-02 1.92760861e-02 1.96370917e-02 2.00048557e-02
 2.03795047e-02 2.07611674e-02 2.11499751e-02 2.15460614e-02
 2.19495624e-02 2.23606169e-02 2.27793660e-02 2.32059539e-02
 2.36405270e-02 2.40832347e-02 2.45342291e-02 2.49936652e-02
 2.54617009e-02 2.59384970e-02 2.64242173e-02 2.69190287e-02
 2.74231011e-02 2.79366078e-02 2.84597251e-02 2.89926326e-02
 2.95355135e-02 3.00885542e-02 3.06519446e-02 3.12258781e-02
 3.18105519e-02 3.24061666e-02 3.30129269e-02 3.36310409e-02
 3.42607210e-02 3.49021832e-02 3.55556477e-02 3.62213388e-02
 3.68994850e-02 3.75903189e-02 3.82940777e-02 3.90110028e-02
 3.97413401e-02 4.04853403e-02 4.12432585e-02 4.20153547e-02
 4.28018937e-02 4.36031453e-02 4.44193843e-02 4.52508904e-02
 4.60979489e-02 4.69608500e-02 4.78398897e-02 4.87353691e-02
 4.96475952e-02 5.05768807e-02 5.15235438e-02 5.24879091e-02
 5.34703069e-02 5.44710736e-02 5.54905522e-02 5.65290916e-02
 5.75870477e-02 5.86647825e-02 5.97626651e-02 6.08810713e-02
 6.20203840e-02 6.31809929e-02 6.43632954e-02 6.55676958e-02
 6.67946063e-02 6.80444465e-02 6.93176439e-02 7.06146338e-02
 7.19358597e-02 7.32817734e-02 7.46528348e-02 7.60495125e-02
 7.74722839e-02 7.89216350e-02 8.03980609e-02 8.19020659e-02
 8.34341637e-02 8.49948773e-02 8.65847395e-02 8.82042931e-02
 8.98540906e-02 9.15346951e-02 9.32466798e-02 9.49906287e-02
 9.67671364e-02 9.85768087e-02 1.00420262e-01 1.02298126e-01
 1.04211039e-01 1.06159653e-01 1.08144632e-01 1.10166652e-01
 1.12226402e-01 1.14324582e-01 1.16461906e-01 1.18639101e-01
 1.20856909e-01 1.23116083e-01 1.25417391e-01 1.27761615e-01
 1.30149553e-01 1.32582015e-01 1.35059827e-01 1.37583831e-01
 1.40154883e-01 1.42773856e-01 1.45441638e-01 1.48159134e-01
 1.50927265e-01 1.53746970e-01 1.56619204e-01 1.59544940e-01
 1.62525168e-01 1.65560898e-01 1.68653157e-01 1.71802990e-01
 1.75011463e-01 1.78279661e-01 1.81608688e-01 1.84999668e-01
 1.88453747e-01 1.91972090e-01 1.95555884e-01 1.99206339e-01
 2.02924685e-01 2.06712176e-01 2.10570086e-01 2.14499715e-01
 2.18502387e-01 2.22579446e-01 2.26732266e-01 2.30962240e-01
 2.35270791e-01 2.39659365e-01 2.44129436e-01 2.48682503e-01
 2.53320092e-01 2.58043759e-01 2.62855084e-01 2.67755680e-01
 2.72747186e-01 2.77831270e-01 2.83009633e-01 2.88284004e-01
 2.93656144e-01 2.99127846e-01 3.04700933e-01 3.10377264e-01
 3.16158728e-01 3.22047250e-01 3.28044788e-01 3.34153335e-01
 3.40374921e-01 3.46711611e-01 3.53165506e-01 3.59738745e-01
 3.66433506e-01 3.73252005e-01 3.80196495e-01 3.87269272e-01
 3.94472672e-01 4.01809070e-01 4.09280886e-01 4.16890579e-01
 4.24640655e-01 4.32533662e-01 4.40572192e-01 4.48758883e-01
 4.57096422e-01 4.65587537e-01 4.74235010e-01 4.83041667e-01
 4.92010384e-01 5.01144089e-01 5.10445759e-01 5.19918422e-01
 5.29565159e-01 5.39389106e-01 5.49393451e-01 5.59581436e-01
 5.69956362e-01 5.80521583e-01 5.91280512e-01 6.02236620e-01
 6.13393439e-01 6.24754558e-01 6.36323630e-01 6.48104366e-01
 6.60100545e-01 6.72316005e-01 6.84754651e-01 6.97420454e-01
 7.10317450e-01 7.23449743e-01 7.36821507e-01 7.50436984e-01
 7.64300487e-01 7.78416401e-01 7.92789181e-01 8.07423358e-01
 8.22323537e-01 8.37494399e-01 8.52940700e-01 8.68667275e-01
 8.84679036e-01 9.00980977e-01 9.17578170e-01 9.34475771e-01
 9.51679018e-01 9.69193231e-01 9.87023819e-01 1.00517627e+00
 1.02365617e+00 1.04246919e+00 1.06162107e+00 1.08111767e+00
 1.10096493e+00 1.12116887e+00 1.14173562e+00 1.16267140e+00
 1.18398252e+00 1.20567540e+00 1.22775653e+00 1.25023253e+00
 1.27311010e+00 1.29639605e+00 1.32009729e+00 1.34422082e+00
 1.36877376e+00 1.39376334e+00 1.41919686e+00 1.44508177e+00
 1.47142561e+00 1.49823601e+00 1.52552073e+00 1.55328764e+00
 1.58154472e+00 1.61030004e+00 1.63956181e+00 1.66933835e+00
 1.69963807e+00 1.73046952e+00 1.76184136e+00 1.79376235e+00
 1.82624139e+00 1.85928747e+00 1.89290972e+00 1.92711738e+00
 1.96191980e+00 1.99732647e+00 2.03334698e+00 2.06999103e+00
 2.10726847e+00 2.14518924e+00 2.18376342e+00 2.22300119e+00
 2.26291287e+00 2.30350889e+00 2.34479979e+00 2.38679623e+00
 2.42950901e+00 2.47294902e+00 2.51712728e+00 2.56205493e+00
 2.60774322e+00 2.65420351e+00 2.70144728e+00 2.74948612e+00
 2.79833173e+00 2.84799593e+00 2.89849064e+00 2.94982788e+00
 3.00201978e+00 3.05507859e+00 3.10901664e+00 3.16384637e+00
 3.21958031e+00 3.27623108e+00 3.33381142e+00 3.39233412e+00
 3.45181209e+00 3.51225830e+00 3.57368580e+00 3.63610774e+00
 3.69953731e+00 3.76398780e+00 3.82947253e+00 3.89600491e+00
 3.96359839e+00 4.03226648e+00 4.10202272e+00 4.17288071e+00
 4.24485407e+00 4.31795645e+00 4.39220153e+00 4.46760300e+00
 4.54417457e+00 4.62192995e+00 4.70088283e+00 4.78104691e+00
 4.86243587e+00 4.94506334e+00 5.02894295e+00 5.11408825e+00
 5.20051277e+00 5.28822995e+00 5.37725318e+00 5.46759576e+00
 5.55927090e+00 5.65229170e+00 5.74667116e+00 5.84242214e+00
 5.93955739e+00 6.03808948e+00 6.13803084e+00 6.23939373e+00
 6.34219020e+00 6.44643212e+00 6.55213115e+00 6.65929871e+00
 6.76794599e+00 6.87808390e+00 6.98972311e+00 7.10287397e+00
 7.21754654e+00 7.33375056e+00 7.45149544e+00 7.57079021e+00
 7.69164356e+00 7.81406376e+00 7.93805868e+00 8.06363578e+00
 8.19080204e+00 8.31956401e+00 8.44992772e+00 8.58189872e+00
 8.71548202e+00 8.85068210e+00 8.98750285e+00 9.12594758e+00
 9.26601899e+00 9.40771916e+00 9.55104950e+00 9.69601074e+00
 9.84260294e+00 9.99082541e+00 1.01406767e+01 1.02921547e+01
 1.04452563e+01 1.05999779e+01 1.07563147e+01 1.09142613e+01
 1.10738113e+01 1.12349575e+01 1.13976917e+01 1.15620047e+01
 1.17278864e+01 1.18953257e+01 1.20643105e+01 1.22348276e+01
 1.24068628e+01 1.25804009e+01 1.27554254e+01 1.29319187e+01
 1.31098623e+01 1.32892363e+01 1.34700197e+01 1.36521903e+01
 1.38357247e+01 1.40205983e+01 1.42067851e+01 1.43942580e+01
 1.45829885e+01 1.47729470e+01 1.49641023e+01 1.51564223e+01
 1.53498731e+01 1.55444199e+01 1.57400262e+01 1.59366544e+01
 1.61342654e+01 1.63328189e+01 1.65322732e+01 1.67325850e+01
 1.69337100e+01 1.71356024e+01 1.73382149e+01 1.75414990e+01
 1.77454050e+01 1.79498816e+01 1.81548763e+01 1.83603353e+01
 1.85662036e+01 1.87724248e+01 1.89789412e+01 1.91856940e+01
 1.93926231e+01 1.95996674e+01 1.98067643e+01 2.00138504e+01
 2.02208611e+01 2.04277305e+01 2.06343921e+01 2.08407780e+01
 2.10468196e+01 2.12524474e+01 2.14575907e+01 2.16621785e+01
 2.18661385e+01 2.20693981e+01 2.22718838e+01 2.24735214e+01
 2.26742365e+01 2.28739537e+01 2.30725974e+01 2.32700918e+01
 2.34663605e+01 2.36613269e+01 2.38549142e+01 2.40470454e+01
 2.42376437e+01 2.44266320e+01 2.46139335e+01 2.47994713e+01
 2.49831689e+01 2.51649501e+01 2.53447390e+01 2.55224600e+01
 2.56980384e+01 2.58713997e+01 2.60424701e+01 2.62111768e+01
 2.63774476e+01 2.65412111e+01 2.67023971e+01 2.68609362e+01
 2.70167603e+01 2.71698023e+01 2.73199965e+01 2.74672784e+01
 2.76115848e+01 2.77528543e+01 2.78910265e+01 2.80260431e+01
 2.81578471e+01 2.82863833e+01 2.84115982e+01 2.85334403e+01
 2.86518598e+01 2.87668089e+01 2.88782417e+01 2.89861145e+01
 2.90903853e+01 2.91910147e+01 2.92879650e+01 2.93812009e+01
 2.94706894e+01 2.95563995e+01 2.96383027e+01 2.97163726e+01
 2.97905853e+01 2.98609190e+01 2.99273547e+01 2.99898752e+01
 3.00484660e+01 3.01031149e+01 3.01538122e+01 3.02005503e+01
 3.02433243e+01 3.02821314e+01 3.03169713e+01 3.03478460e+01
 3.03747597e+01 3.03977193e+01 3.04167334e+01 3.04318134e+01
 3.04429726e+01 3.04502267e+01 3.04535933e+01 3.04530924e+01
 3.04487461e+01 3.04405782e+01 3.04286150e+01 3.04128843e+01
 3.03934162e+01 3.03702425e+01 3.03433967e+01 3.03129144e+01
 3.02788326e+01 3.02411901e+01 3.02000274e+01 3.01553862e+01
 3.01073101e+01 3.00558440e+01 3.00010340e+01 2.99429277e+01
 2.98815739e+01 2.98170226e+01 2.97493248e+01 2.96785328e+01
 2.96046997e+01]
</system-out></testcase></testsuite>